
Profiling started at Tue Apr  7 15:08:50 2015
Profiling stopped at Tue Apr  7 15:08:50 2015

-- OProfile/operf Statistics --
Nr. non-backtrace samples: 0
Nr. kernel samples: 0
Nr. user space samples: 0
Nr. samples lost due to sample address not in expected range for domain: 0
Nr. lost kernel samples: 0
Nr. samples lost due to sample file open failure: 0
Nr. samples lost due to no permanent mapping: 0
Nr. user context kernel samples lost due to no app info available: 0
Nr. user samples lost due to no app info available: 0
Nr. backtraces skipped due to no file mapping: 0
Nr. hypervisor samples dropped due to address out-of-range: 0
Nr. samples lost reported by perf_events kernel: 0

Profiling started at Tue Apr  7 15:10:49 2015
Profiling stopped at Tue Apr  7 15:11:24 2015

-- OProfile/operf Statistics --
Nr. non-backtrace samples: 1282709
Nr. kernel samples: 4245
Nr. user space samples: 1278464
Nr. samples lost due to sample address not in expected range for domain: 0
Nr. lost kernel samples: 0
Nr. samples lost due to sample file open failure: 0
Nr. samples lost due to no permanent mapping: 0
Nr. user context kernel samples lost due to no app info available: 0
Nr. user samples lost due to no app info available: 0
Nr. backtraces skipped due to no file mapping: 655780
Nr. hypervisor samples dropped due to address out-of-range: 0
Nr. samples lost reported by perf_events kernel: 0

Profiling started at Tue Apr  7 15:15:40 2015
Profiling stopped at Tue Apr  7 15:16:24 2015

-- OProfile/operf Statistics --
Nr. non-backtrace samples: 1643669
Nr. kernel samples: 4436
Nr. user space samples: 1639233
Nr. samples lost due to sample address not in expected range for domain: 0
Nr. lost kernel samples: 0
Nr. samples lost due to sample file open failure: 0
Nr. samples lost due to no permanent mapping: 0
Nr. user context kernel samples lost due to no app info available: 0
Nr. user samples lost due to no app info available: 0
Nr. backtraces skipped due to no file mapping: 872439
Nr. hypervisor samples dropped due to address out-of-range: 0
Nr. samples lost reported by perf_events kernel: 0

Profiling started at Tue Apr  7 15:36:17 2015
Profiling stopped at Tue Apr  7 15:36:50 2015

-- OProfile/operf Statistics --
Nr. non-backtrace samples: 1212469
Nr. kernel samples: 4133
Nr. user space samples: 1208336
Nr. samples lost due to sample address not in expected range for domain: 0
Nr. lost kernel samples: 0
Nr. samples lost due to sample file open failure: 0
Nr. samples lost due to no permanent mapping: 0
Nr. user context kernel samples lost due to no app info available: 0
Nr. user samples lost due to no app info available: 0
Nr. backtraces skipped due to no file mapping: 1287537
Nr. hypervisor samples dropped due to address out-of-range: 0
Nr. samples lost reported by perf_events kernel: 0

Profiling started at Tue Apr  7 15:38:20 2015
Profiling stopped at Tue Apr  7 15:38:25 2015

-- OProfile/operf Statistics --
Nr. non-backtrace samples: 213305
Nr. kernel samples: 3400
Nr. user space samples: 209905
Nr. samples lost due to sample address not in expected range for domain: 0
Nr. lost kernel samples: 0
Nr. samples lost due to sample file open failure: 0
Nr. samples lost due to no permanent mapping: 0
Nr. user context kernel samples lost due to no app info available: 0
Nr. user samples lost due to no app info available: 0
Nr. backtraces skipped due to no file mapping: 185862
Nr. hypervisor samples dropped due to address out-of-range: 0
Nr. samples lost reported by perf_events kernel: 0

Profiling started at Tue Apr 14 14:39:39 2015
Profiling stopped at Tue Apr 14 14:40:09 2015

-- OProfile/operf Statistics --
Nr. non-backtrace samples: 741381
Nr. kernel samples: 3917
Nr. user space samples: 737464
Nr. samples lost due to sample address not in expected range for domain: 0
Nr. lost kernel samples: 0
Nr. samples lost due to sample file open failure: 0
Nr. samples lost due to no permanent mapping: 0
Nr. user context kernel samples lost due to no app info available: 0
Nr. user samples lost due to no app info available: 0
Nr. backtraces skipped due to no file mapping: 846189
Nr. hypervisor samples dropped due to address out-of-range: 0
Nr. samples lost reported by perf_events kernel: 0

Profiling started at Wed Apr 15 10:18:23 2015
Profiling stopped at Wed Apr 15 10:18:24 2015

-- OProfile/operf Statistics --
Nr. non-backtrace samples: 31593
Nr. kernel samples: 1356
Nr. user space samples: 30237
Nr. samples lost due to sample address not in expected range for domain: 0
Nr. lost kernel samples: 0
Nr. samples lost due to sample file open failure: 0
Nr. samples lost due to no permanent mapping: 0
Nr. user context kernel samples lost due to no app info available: 0
Nr. user samples lost due to no app info available: 0
Nr. backtraces skipped due to no file mapping: 18920
Nr. hypervisor samples dropped due to address out-of-range: 0
Nr. samples lost reported by perf_events kernel: 0

Profiling started at Wed Apr 15 10:18:30 2015
Profiling stopped at Wed Apr 15 10:18:39 2015

-- OProfile/operf Statistics --
Nr. non-backtrace samples: 227534
Nr. kernel samples: 2554
Nr. user space samples: 224980
Nr. samples lost due to sample address not in expected range for domain: 0
Nr. lost kernel samples: 0
Nr. samples lost due to sample file open failure: 0
Nr. samples lost due to no permanent mapping: 0
Nr. user context kernel samples lost due to no app info available: 0
Nr. user samples lost due to no app info available: 0
Nr. backtraces skipped due to no file mapping: 188986
Nr. hypervisor samples dropped due to address out-of-range: 0
Nr. samples lost reported by perf_events kernel: 0
